22:07:50.510 not a js function or feature file: read('classpath:karate-config.js') - [type: NULL, value: null]
22:07:50.542 not a js function or feature file: read('classpath:karate-config.js') - [type: NULL, value: null]
22:07:51.043 request:
1 > GET https://reqres.in/api/users?page=2
1 > Accept-Encoding: gzip,deflate
1 > Connection: Keep-Alive
1 > Host: reqres.in
1 > User-Agent: Apache-HttpClient/4.5.5 (Java/1.8.0_281)

22:07:51.548 response time in milliseconds: 502,14
1 < 200
1 < Age: 3402
1 < CF-Cache-Status: HIT
1 < CF-RAY: 663a823bab781833-ATL
1 < Cache-Control: max-age=14400
1 < Connection: keep-alive
1 < Content-Type: application/json; charset=utf-8
1 < Date: Wed, 23 Jun 2021 03:07:53 GMT
1 < Expect-CT: max-age=604800, report-uri="https://report-uri.cloudflare.com/cdn-cgi/beacon/expect-ct"
1 < NEL: {"report_to":"cf-nel","max_age":604800}
1 < Report-To: {"endpoints":[{"url":"https:\/\/a.nel.cloudflare.com\/report\/v2?s=0qz8xauuEFfn%2FPpQE8esHY4%2BZzqe%2F6x1TAjkn5jmCYnkECm7HqZJtz8O8XW6TMANEyg%2BQ6wd16nc9zDz1q5%2FzmkeSPcYYxQCPQDIq%2FyV7pDmynH9WU1L"}],"group":"cf-nel","max_age":604800}
1 < Server: cloudflare
1 < Transfer-Encoding: chunked
1 < Vary: Accept-Encoding
1 < access-control-allow-origin: *
1 < alt-svc: h3-27=":443"; ma=86400, h3-28=":443"; ma=86400, h3-29=":443"; ma=86400, h3=":443"; ma=86400
1 < cf-request-id: 0ad86fb94d000018336e3e9000000001
1 < etag: W/"406-ut0vzoCuidvyMf8arZpMpJ6ZRDw"
1 < via: 1.1 vegur
1 < x-powered-by: Express
{"page":2,"per_page":6,"total":12,"total_pages":2,"data":[{"id":7,"email":"michael.lawson@reqres.in","first_name":"Michael","last_name":"Lawson","avatar":"https://reqres.in/img/faces/7-image.jpg"},{"id":8,"email":"lindsay.ferguson@reqres.in","first_name":"Lindsay","last_name":"Ferguson","avatar":"https://reqres.in/img/faces/8-image.jpg"},{"id":9,"email":"tobias.funke@reqres.in","first_name":"Tobias","last_name":"Funke","avatar":"https://reqres.in/img/faces/9-image.jpg"},{"id":10,"email":"byron.fields@reqres.in","first_name":"Byron","last_name":"Fields","avatar":"https://reqres.in/img/faces/10-image.jpg"},{"id":11,"email":"george.edwards@reqres.in","first_name":"George","last_name":"Edwards","avatar":"https://reqres.in/img/faces/11-image.jpg"},{"id":12,"email":"rachel.howell@reqres.in","first_name":"Rachel","last_name":"Howell","avatar":"https://reqres.in/img/faces/12-image.jpg"}],"support":{"url":"https://reqres.in/#support-heading","text":"To keep ReqRes free, contributions towards server costs are appreciated!"}}

22:07:51.564 not a js function or feature file: read('classpath:karate-config.js') - [type: NULL, value: null]
22:07:51.576 request:
1 > POST https://reqres.in/api/users
1 > Accept-Encoding: gzip,deflate
1 > Connection: Keep-Alive
1 > Content-Length: 34
1 > Content-Type: application/json; charset=UTF-8
1 > Host: reqres.in
1 > User-Agent: Apache-HttpClient/4.5.5 (Java/1.8.0_281)
{"name":"morpheus","job":"leader"}

22:07:52.072 response time in milliseconds: 494,23
1 < 201
1 < Access-Control-Allow-Origin: *
1 < CF-Cache-Status: DYNAMIC
1 < CF-RAY: 663a823d8dcf0ffc-ATL
1 < Connection: keep-alive
1 < Content-Length: 84
1 < Content-Type: application/json; charset=utf-8
1 < Date: Wed, 23 Jun 2021 03:07:54 GMT
1 < Etag: W/"54-d/bkyTNV5njlTAKBT6DWmFxHGgQ"
1 < Expect-CT: max-age=604800, report-uri="https://report-uri.cloudflare.com/cdn-cgi/beacon/expect-ct"
1 < NEL: {"report_to":"cf-nel","max_age":604800}
1 < Report-To: {"endpoints":[{"url":"https:\/\/a.nel.cloudflare.com\/report\/v2?s=O3dzUg4B%2B4LN9TVgSO9bqcnDAwFkSKRiSysRpolReVbqPWZczXxqRHmtCO451nu0Vyr34e5%2FOvT%2FbkJY2GvDzvnbNErawQyNz2daM2YDTK7GJCOBKCo%2B"}],"group":"cf-nel","max_age":604800}
1 < Server: cloudflare
1 < Via: 1.1 vegur
1 < X-Powered-By: Express
1 < alt-svc: h3-27=":443"; ma=86400, h3-28=":443"; ma=86400, h3-29=":443"; ma=86400, h3=":443"; ma=86400
1 < cf-request-id: 0ad86fba7700000ffc5d060000000001
{"name":"morpheus","job":"leader","id":"585","createdAt":"2021-06-23T03:07:54.033Z"}

22:07:52.078 not a js function or feature file: read('classpath:karate-config.js') - [type: NULL, value: null]
22:07:52.084 request:
1 > DELETE https://reqres.in/api/users/2
1 > Accept-Encoding: gzip,deflate
1 > Connection: Keep-Alive
1 > Host: reqres.in
1 > User-Agent: Apache-HttpClient/4.5.5 (Java/1.8.0_281)

22:07:52.560 response time in milliseconds: 475,55
1 < 204
1 < Access-Control-Allow-Origin: *
1 < CF-Cache-Status: DYNAMIC
1 < CF-RAY: 663a8240b92d1080-ATL
1 < Connection: keep-alive
1 < Content-Length: 0
1 < Date: Wed, 23 Jun 2021 03:07:54 GMT
1 < Etag: W/"2-vyGp6PvFo4RvsFtPoIWeCReyIC8"
1 < Expect-CT: max-age=604800, report-uri="https://report-uri.cloudflare.com/cdn-cgi/beacon/expect-ct"
1 < NEL: {"report_to":"cf-nel","max_age":604800}
1 < Report-To: {"endpoints":[{"url":"https:\/\/a.nel.cloudflare.com\/report\/v2?s=2MGQxRvNbN%2FWhKfAVqB142lUbrFs6L8nl3UwcOnuBM1tNDRtyJ55XiXIf7n%2BLFVJQe6Qo0gNXOBQgMvA1sveitWQW%2Flw4xoTuj6zv3Tu1T4Tdmoy7JOn"}],"group":"cf-nel","max_age":604800}
1 < Server: cloudflare
1 < Via: 1.1 vegur
1 < X-Powered-By: Express
1 < alt-svc: h3-27=":443"; ma=86400, h3-28=":443"; ma=86400, h3-29=":443"; ma=86400, h3=":443"; ma=86400
1 < cf-request-id: 0ad86fbc74000010801ca78000000001

22:07:52.565 not a js function or feature file: read('classpath:karate-config.js') - [type: NULL, value: null]
22:07:52.572 request:
1 > POST https://reqres.in/api/register
1 > Accept-Encoding: gzip,deflate
1 > Connection: Keep-Alive
1 > Content-Length: 50
1 > Content-Type: application/json; charset=UTF-8
1 > Host: reqres.in
1 > User-Agent: Apache-HttpClient/4.5.5 (Java/1.8.0_281)
{"email":"eve.holt@reqres.in","password":"pistol"}

22:07:53.040 response time in milliseconds: 466,59
1 < 200
1 < Access-Control-Allow-Origin: *
1 < CF-Cache-Status: DYNAMIC
1 < CF-RAY: 663a8243bd2b1010-ATL
1 < Connection: keep-alive
1 < Content-Length: 36
1 < Content-Type: application/json; charset=utf-8
1 < Date: Wed, 23 Jun 2021 03:07:55 GMT
1 < Etag: W/"24-4iP0za1geN2he+ohu8F0FhCjLks"
1 < Expect-CT: max-age=604800, report-uri="https://report-uri.cloudflare.com/cdn-cgi/beacon/expect-ct"
1 < NEL: {"report_to":"cf-nel","max_age":604800}
1 < Report-To: {"endpoints":[{"url":"https:\/\/a.nel.cloudflare.com\/report\/v2?s=7fbUJYU9uZ5bJoP7HV9rNvRvmcAxh7bakG0HFqbimzb%2B3pbRD2lkaHyvHT6748NRZmo4Bh%2B6X6Jdq%2BycXRkr2IbcHGKCqQ19j2TIWvsYWbpkNqEA5tDN"}],"group":"cf-nel","max_age":604800}
1 < Server: cloudflare
1 < Via: 1.1 vegur
1 < X-Powered-By: Express
1 < alt-svc: h3-27=":443"; ma=86400, h3-28=":443"; ma=86400, h3-29=":443"; ma=86400, h3=":443"; ma=86400
1 < cf-request-id: 0ad86fbe54000010108235e000000001
{"id":4,"token":"QpwL5tke4Pnpja7X4"}

22:07:53.049 request:
1 > POST https://reqres.in/api/users
1 > Accept-Encoding: gzip,deflate
1 > Connection: Keep-Alive
1 > Content-Length: 39
1 > Content-Type: application/json; charset=UTF-8
1 > Host: reqres.in
1 > User-Agent: Apache-HttpClient/4.5.5 (Java/1.8.0_281)
{"name":"Victor","job":"QA Automation"}

22:07:53.553 response time in milliseconds: 502,34
1 < 201
1 < Access-Control-Allow-Origin: *
1 < CF-Cache-Status: DYNAMIC
1 < CF-RAY: 663a8246becef359-ATL
1 < Connection: keep-alive
1 < Content-Length: 89
1 < Content-Type: application/json; charset=utf-8
1 < Date: Wed, 23 Jun 2021 03:07:55 GMT
1 < Etag: W/"59-qaVBM9dEmpkkc9i3xGoeoHsu3qw"
1 < Expect-CT: max-age=604800, report-uri="https://report-uri.cloudflare.com/cdn-cgi/beacon/expect-ct"
1 < NEL: {"report_to":"cf-nel","max_age":604800}
1 < Report-To: {"endpoints":[{"url":"https:\/\/a.nel.cloudflare.com\/report\/v2?s=b0IQntKF36PNre8HgPh2Z0JMvufnIg0795jaY7JXB3c5Url8YaIowrn4OX%2F80J5sOdGnn0ENWwOGd7dmUIiAYk2KanbXgrjnqiHAStahPZT6Itc9n1wj"}],"group":"cf-nel","max_age":604800}
1 < Server: cloudflare
1 < Via: 1.1 vegur
1 < X-Powered-By: Express
1 < alt-svc: h3-27=":443"; ma=86400, h3-28=":443"; ma=86400, h3-29=":443"; ma=86400, h3=":443"; ma=86400
1 < cf-request-id: 0ad86fc03a0000f35974ac8000000001
{"name":"Victor","job":"QA Automation","id":"347","createdAt":"2021-06-23T03:07:55.514Z"}

22:07:53.556 request:
1 > POST https://reqres.in/api/users
1 > Accept-Encoding: gzip,deflate
1 > Connection: Keep-Alive
1 > Content-Length: 36
1 > Content-Type: application/json; charset=UTF-8
1 > Host: reqres.in
1 > User-Agent: Apache-HttpClient/4.5.5 (Java/1.8.0_281)
{"name":"Yesenia","job":"Contadora"}

22:07:54.020 response time in milliseconds: 462,62
1 < 201
1 < Access-Control-Allow-Origin: *
1 < CF-Cache-Status: DYNAMIC
1 < CF-RAY: 663a8249d80217ef-ATL
1 < Connection: keep-alive
1 < Content-Length: 86
1 < Content-Type: application/json; charset=utf-8
1 < Date: Wed, 23 Jun 2021 03:07:56 GMT
1 < Etag: W/"56-RLNGjW/CDaZSq1aXWPJXIrZSj3U"
1 < Expect-CT: max-age=604800, report-uri="https://report-uri.cloudflare.com/cdn-cgi/beacon/expect-ct"
1 < NEL: {"report_to":"cf-nel","max_age":604800}
1 < Report-To: {"endpoints":[{"url":"https:\/\/a.nel.cloudflare.com\/report\/v2?s=zHyy3pIEmOB4MN4%2F5H4xmG%2BlMTCI0EV58AvZdvLXrI8G4hrqh4iGv2Qvvi%2F5tHBedMNUI%2BaQ0PmBlSLDbxdF1ngR40OaUPab8ZOetovRlBS6LUdXDsDM"}],"group":"cf-nel","max_age":604800}
1 < Server: cloudflare
1 < Via: 1.1 vegur
1 < X-Powered-By: Express
1 < alt-svc: h3-27=":443"; ma=86400, h3-28=":443"; ma=86400, h3-29=":443"; ma=86400, h3=":443"; ma=86400
1 < cf-request-id: 0ad86fc22c000017ef5388e000000001
{"name":"Yesenia","job":"Contadora","id":"585","createdAt":"2021-06-23T03:07:55.999Z"}

22:07:54.024 request:
1 > POST https://reqres.in/api/users
1 > Accept-Encoding: gzip,deflate
1 > Connection: Keep-Alive
1 > Content-Length: 33
1 > Content-Type: application/json; charset=UTF-8
1 > Host: reqres.in
1 > User-Agent: Apache-HttpClient/4.5.5 (Java/1.8.0_281)
{"name":"Pablo","job":"Analista"}

22:07:54.562 response time in milliseconds: 536,80
1 < 201
1 < Access-Control-Allow-Origin: *
1 < CF-Cache-Status: DYNAMIC
1 < CF-RAY: 663a824d0ee9f34d-ATL
1 < Connection: keep-alive
1 < Content-Length: 83
1 < Content-Type: application/json; charset=utf-8
1 < Date: Wed, 23 Jun 2021 03:07:56 GMT
1 < Etag: W/"53-jKKjDWZtdu6iYEO7gmko0MkEPi0"
1 < Expect-CT: max-age=604800, report-uri="https://report-uri.cloudflare.com/cdn-cgi/beacon/expect-ct"
1 < NEL: {"report_to":"cf-nel","max_age":604800}
1 < Report-To: {"endpoints":[{"url":"https:\/\/a.nel.cloudflare.com\/report\/v2?s=uiXXuWxhTqZiTQTfWlEgcPB5mJyS%2FlbgW2GcqTlvcwjDYkSpSK1R3aRBRtelzGpFRLEwcVkddQ%2Fbcwrgxd4APX0MaxaXumY08Hbftr6saeiIJEPAQxUs"}],"group":"cf-nel","max_age":604800}
1 < Server: cloudflare
1 < Via: 1.1 vegur
1 < X-Powered-By: Express
1 < alt-svc: h3-27=":443"; ma=86400, h3-28=":443"; ma=86400, h3-29=":443"; ma=86400, h3=":443"; ma=86400
1 < cf-request-id: 0ad86fc4250000f34d4b210000000001
{"name":"Pablo","job":"Analista","id":"452","createdAt":"2021-06-23T03:07:56.518Z"}

22:07:54.567 not a js function or feature file: read('classpath:karate-config.js') - [type: NULL, value: null]
22:07:54.602 request:
1 > PUT https://reqres.in/api/users/2
1 > Accept-Encoding: gzip,deflate
1 > Connection: Keep-Alive
1 > Content-Length: 39
1 > Content-Type: application/json; charset=UTF-8
1 > Host: reqres.in
1 > User-Agent: Apache-HttpClient/4.5.5 (Java/1.8.0_281)
{"name":"Victor","job":"QA Automation"}

22:07:55.095 response time in milliseconds: 492,80
1 < 200
1 < Access-Control-Allow-Origin: *
1 < CF-Cache-Status: DYNAMIC
1 < CF-RAY: 663a825098efe3aa-ATL
1 < Connection: keep-alive
1 < Content-Type: application/json; charset=utf-8
1 < Date: Wed, 23 Jun 2021 03:07:57 GMT
1 < Etag: W/"4e-ypxhId6WKGr7Jt4aXSp7ejr2G6g"
1 < Expect-CT: max-age=604800, report-uri="https://report-uri.cloudflare.com/cdn-cgi/beacon/expect-ct"
1 < NEL: {"report_to":"cf-nel","max_age":604800}
1 < Report-To: {"endpoints":[{"url":"https:\/\/a.nel.cloudflare.com\/report\/v2?s=NCeZR7cAWw7VfbtliTzfD9PjdAz%2F3sTSmqO1Fv4itY49uv5cvCVL4nzbF05rUe1GVYw1TE1074oGxi8FU0WDqZV4ds2cOOv%2Bm6fwkqVPMv95Qna0kh30"}],"group":"cf-nel","max_age":604800}
1 < Server: cloudflare
1 < Transfer-Encoding: chunked
1 < Vary: Accept-Encoding
1 < Via: 1.1 vegur
1 < X-Powered-By: Express
1 < alt-svc: h3-27=":443"; ma=86400, h3-28=":443"; ma=86400, h3-29=":443"; ma=86400, h3=":443"; ma=86400
1 < cf-request-id: 0ad86fc65b0000e3aaea1a1000000001
{"name":"Victor","job":"QA Automation","updatedAt":"2021-06-23T03:07:57.070Z"}

assertion failed: path: $, actual: {name=vic, job=QA, updatedAt=2021-06-23T03:06:08.853Z}, expected: {name=vic, job=QA, updateAt=#ignore}, reason: all key-values did not match
h
lues did not match
pdateAt=#notnull}, reason: all key-values did not match
t match
id not match
: {name=employee1.name, job=employee1.job, updateAt=#string}, reason: actual value is not map-like
